<?xml version='1.0' encoding='UTF-8'?>
<testsuite hostname="DESKTOP-HR060SM" name="democracy.MajorityJudgementSuite" tests="9" errors="0" failures="0" skipped="0" time="0.216" timestamp="2022-02-07T20:53:07">
                     <properties>
[...]
</properties>
                     <testcase classname="democracy.MajorityJudgementSuite" name="The median of an empty collection is undefined" time="0.038">
                                                 
                                               </testcase><testcase classname="democracy.MajorityJudgementSuite" name="The median of a collection with a single element should be that element" time="0.003">
                                                 
                                               </testcase><testcase classname="democracy.MajorityJudgementSuite" name="The median of a collection with two elements can be any of those two elements" time="0.003">
                                                 
                                               </testcase><testcase classname="democracy.MajorityJudgementSuite" name="The first (resp. second) half of a sorted collection should be lower (resp. higher) than the median grade" time="0.023">
                                                 
                                               </testcase><testcase classname="democracy.MajorityJudgementSuite" name="A median value minimizes the arithmetic mean of the absolute deviations of a collection" time="0.022">
                                                 
                                               </testcase><testcase classname="democracy.MajorityJudgementSuite" name="The winner is the candidate that received an absolute majority of the highest grades given by all the voters" time="0.119">
                                                 
                                               </testcase><testcase classname="democracy.MajorityJudgementSuite" name="full scenario with no tie-break" time="0.001">
                                                 
                                               </testcase><testcase classname="democracy.MajorityJudgementSuite" name="full scenario with a tie-break" time="0.004">
                                                 
                                               </testcase><testcase classname="democracy.MajorityJudgementSuite" name="full scenario with a tie-break and the same grades for cooking and hiking" time="0.003">
                                                 
                                               </testcase>
                     <system-out><![CDATA[]]></system-out>
                     <system-err><![CDATA[]]></system-err>
                   </testsuite>